[16:29:15.710] Global cache location '/Users/jco/Library/Caches/typescript/4.6', safe file path '/usr/local/lib/node_modules/typescript/lib/typingsafelist.json', types map path /usr/local/lib/node_modules/typescript/lib/typesmap.json
[16:29:15.712] Processing cache location '/Users/jco/Library/Caches/typescript/4.6'
[16:29:15.715] Trying to find '/Users/jco/Library/Caches/typescript/4.6/package.json'...
[16:29:15.721] Loaded content of '/Users/jco/Library/Caches/typescript/4.6/package.json': {"private":true,"dependencies":{"types-registry":"^0.1.590"},"devDependencies":{"@types/babel__core":"^7.1.19","@types/babel__preset-env":"^7.9.2","@types/download":"^8.0.1","@types/eslint":"^8.4.1","@types/eslint-config-prettier":"^6.11.0","@types/estree-jsx":"^0.0.1","@types/graceful-fs":"^4.1.5","@types/hast":"^2.3.4","@types/intro.js":"^3.0.2","@types/invariant":"^2.2.35","@types/less":"^3.0.3","@types/lodash.mergewith":"^4.6.7","@types/mdast":"^3.0.10","@types/mdx-js__react":"^1.5.5","@types/mime-db":"^1.43.1","@types/mime-types":"^2.1.1","@types/node":"^17.0.23","@types/prettier":"^2.6.0","@types/react":"^18.0.5","@types/react-dom":"^18.0.1","@types/react-native":"^0.67.3","@types/react-redux":"^7.1.23","@types/react-test-renderer":"^17.0.1","@types/react-toggle":"^4.0.3","@types/rss":"^0.0.29","@types/tailwindcss":"^3.0.10","@types/testing-library__jest-dom":"^5.14.3","@types/unist":"^2.0.6","@types/use-subscription":"^1.0.0","@types/webpack":"^5.28.0","@types/xml":"^1.0.8"}}
[16:29:15.722] Loaded content of '/Users/jco/Library/Caches/typescript/4.6/package-lock.json'
[16:29:15.736] Adding entry into typings cache: 'babel__core' => '/Users/jco/Library/Caches/typescript/4.6/node_modules/@types/babel__core/index.d.ts'
[16:29:15.744] Adding entry into typings cache: 'babel__preset-env' => '/Users/jco/Library/Caches/typescript/4.6/node_modules/@types/babel__preset-env/index.d.ts'
[16:29:15.750] Adding entry into typings cache: 'download' => '/Users/jco/Library/Caches/typescript/4.6/node_modules/@types/download/index.d.ts'
[16:29:15.755] Adding entry into typings cache: 'eslint' => '/Users/jco/Library/Caches/typescript/4.6/node_modules/@types/eslint/index.d.ts'
[16:29:15.758] Adding entry into typings cache: 'eslint-config-prettier' => '/Users/jco/Library/Caches/typescript/4.6/node_modules/@types/eslint-config-prettier/index.d.ts'
[16:29:15.761] Adding entry into typings cache: 'estree-jsx' => '/Users/jco/Library/Caches/typescript/4.6/node_modules/@types/estree-jsx/index.d.ts'
[16:29:15.768] Adding entry into typings cache: 'graceful-fs' => '/Users/jco/Library/Caches/typescript/4.6/node_modules/@types/graceful-fs/index.d.ts'
[16:29:15.771] Adding entry into typings cache: 'hast' => '/Users/jco/Library/Caches/typescript/4.6/node_modules/@types/hast/index.d.ts'
[16:29:15.775] Adding entry into typings cache: 'intro.js' => '/Users/jco/Library/Caches/typescript/4.6/node_modules/@types/intro.js/index.d.ts'
[16:29:15.777] Adding entry into typings cache: 'invariant' => '/Users/jco/Library/Caches/typescript/4.6/node_modules/@types/invariant/index.d.ts'
[16:29:15.781] Adding entry into typings cache: 'less' => '/Users/jco/Library/Caches/typescript/4.6/node_modules/@types/less/index.d.ts'
[16:29:15.786] Adding entry into typings cache: 'lodash.mergewith' => '/Users/jco/Library/Caches/typescript/4.6/node_modules/@types/lodash.mergewith/index.d.ts'
[16:29:15.791] Adding entry into typings cache: 'mdast' => '/Users/jco/Library/Caches/typescript/4.6/node_modules/@types/mdast/index.d.ts'
[16:29:15.794] Adding entry into typings cache: 'mdx-js__react' => '/Users/jco/Library/Caches/typescript/4.6/node_modules/@types/mdx-js__react/index.d.ts'
[16:29:15.801] Adding entry into typings cache: 'mime-db' => '/Users/jco/Library/Caches/typescript/4.6/node_modules/@types/mime-db/index.d.ts'
[16:29:15.807] Adding entry into typings cache: 'mime-types' => '/Users/jco/Library/Caches/typescript/4.6/node_modules/@types/mime-types/index.d.ts'
[16:29:15.813] Adding entry into typings cache: 'node' => '/Users/jco/Library/Caches/typescript/4.6/node_modules/@types/node/index.d.ts'
[16:29:15.817] Adding entry into typings cache: 'prettier' => '/Users/jco/Library/Caches/typescript/4.6/node_modules/@types/prettier/index.d.ts'
[16:29:15.823] Adding entry into typings cache: 'react' => '/Users/jco/Library/Caches/typescript/4.6/node_modules/@types/react/index.d.ts'
[16:29:15.825] Adding entry into typings cache: 'react-dom' => '/Users/jco/Library/Caches/typescript/4.6/node_modules/@types/react-dom/index.d.ts'
[16:29:15.829] Adding entry into typings cache: 'react-native' => '/Users/jco/Library/Caches/typescript/4.6/node_modules/@types/react-native/index.d.ts'
[16:29:15.832] Adding entry into typings cache: 'react-redux' => '/Users/jco/Library/Caches/typescript/4.6/node_modules/@types/react-redux/index.d.ts'
[16:29:15.836] Adding entry into typings cache: 'react-test-renderer' => '/Users/jco/Library/Caches/typescript/4.6/node_modules/@types/react-test-renderer/index.d.ts'
[16:29:15.839] Adding entry into typings cache: 'react-toggle' => '/Users/jco/Library/Caches/typescript/4.6/node_modules/@types/react-toggle/index.d.ts'
[16:29:15.842] Adding entry into typings cache: 'rss' => '/Users/jco/Library/Caches/typescript/4.6/node_modules/@types/rss/index.d.ts'
[16:29:15.845] Adding entry into typings cache: 'tailwindcss' => '/Users/jco/Library/Caches/typescript/4.6/node_modules/@types/tailwindcss/index.d.ts'
[16:29:15.849] Adding entry into typings cache: 'testing-library__jest-dom' => '/Users/jco/Library/Caches/typescript/4.6/node_modules/@types/testing-library__jest-dom/index.d.ts'
[16:29:15.852] Adding entry into typings cache: 'unist' => '/Users/jco/Library/Caches/typescript/4.6/node_modules/@types/unist/index.d.ts'
[16:29:15.855] Adding entry into typings cache: 'use-subscription' => '/Users/jco/Library/Caches/typescript/4.6/node_modules/@types/use-subscription/index.d.ts'
[16:29:15.862] Adding entry into typings cache: 'webpack' => '/Users/jco/Library/Caches/typescript/4.6/node_modules/webpack/types.d.ts'
[16:29:15.864] Adding entry into typings cache: 'xml' => '/Users/jco/Library/Caches/typescript/4.6/node_modules/@types/xml/index.d.ts'
[16:29:15.865] Finished processing cache location '/Users/jco/Library/Caches/typescript/4.6'
[16:29:15.865] Process id: 2240
[16:29:15.866] NPM location: /usr/local/bin/npm (explicit '--npmLocation' not  provided)
[16:29:15.866] validateDefaultNpmLocation: false
[16:29:15.867] Npm config file: /Users/jco/Library/Caches/typescript/4.6/package.json
[16:29:15.867] Updating types-registry npm package...
[16:29:15.868] Exec: /usr/local/bin/npm install --ignore-scripts types-registry@latest
[16:29:17.528]     Succeeded. stdout:
    
    up to date, audited 135 packages in 1s

11 packages are looking for funding
  run `npm fund` for details

found 0 vulnerabilities

[16:29:17.529] Updated types-registry npm package
