[14:27:52.165] Global cache location '/Users/jco/Library/Caches/typescript/4.6', safe file path '/usr/local/lib/node_modules/typescript/lib/typingsafelist.json', types map path /usr/local/lib/node_modules/typescript/lib/typesmap.json
[14:27:52.167] Processing cache location '/Users/jco/Library/Caches/typescript/4.6'
[14:27:52.168] Trying to find '/Users/jco/Library/Caches/typescript/4.6/package.json'...
[14:27:52.172] Loaded content of '/Users/jco/Library/Caches/typescript/4.6/package.json': {"private":true,"dependencies":{"types-registry":"^0.1.590"},"devDependencies":{"@types/babel__core":"^7.1.19","@types/babel__preset-env":"^7.9.2","@types/download":"^8.0.1","@types/eslint":"^8.4.1","@types/eslint-config-prettier":"^6.11.0","@types/estree-jsx":"^0.0.1","@types/graceful-fs":"^4.1.5","@types/hast":"^2.3.4","@types/intro.js":"^3.0.2","@types/invariant":"^2.2.35","@types/less":"^3.0.3","@types/lodash.mergewith":"^4.6.7","@types/mdast":"^3.0.10","@types/mdx-js__react":"^1.5.5","@types/mime-db":"^1.43.1","@types/mime-types":"^2.1.1","@types/node":"^17.0.23","@types/prettier":"^2.6.0","@types/react":"^18.0.5","@types/react-dom":"^18.0.1","@types/react-native":"^0.67.3","@types/react-redux":"^7.1.23","@types/react-test-renderer":"^17.0.1","@types/react-toggle":"^4.0.3","@types/rss":"^0.0.29","@types/tailwindcss":"^3.0.10","@types/testing-library__jest-dom":"^5.14.3","@types/unist":"^2.0.6","@types/use-subscription":"^1.0.0","@types/webpack":"^5.28.0","@types/xml":"^1.0.8"}}
[14:27:52.173] Loaded content of '/Users/jco/Library/Caches/typescript/4.6/package-lock.json'
[14:27:52.188] Adding entry into typings cache: 'babel__core' => '/Users/jco/Library/Caches/typescript/4.6/node_modules/@types/babel__core/index.d.ts'
[14:27:52.191] Adding entry into typings cache: 'babel__preset-env' => '/Users/jco/Library/Caches/typescript/4.6/node_modules/@types/babel__preset-env/index.d.ts'
[14:27:52.194] Adding entry into typings cache: 'download' => '/Users/jco/Library/Caches/typescript/4.6/node_modules/@types/download/index.d.ts'
[14:27:52.196] Adding entry into typings cache: 'eslint' => '/Users/jco/Library/Caches/typescript/4.6/node_modules/@types/eslint/index.d.ts'
[14:27:52.199] Adding entry into typings cache: 'eslint-config-prettier' => '/Users/jco/Library/Caches/typescript/4.6/node_modules/@types/eslint-config-prettier/index.d.ts'
[14:27:52.201] Adding entry into typings cache: 'estree-jsx' => '/Users/jco/Library/Caches/typescript/4.6/node_modules/@types/estree-jsx/index.d.ts'
[14:27:52.206] Adding entry into typings cache: 'graceful-fs' => '/Users/jco/Library/Caches/typescript/4.6/node_modules/@types/graceful-fs/index.d.ts'
[14:27:52.208] Adding entry into typings cache: 'hast' => '/Users/jco/Library/Caches/typescript/4.6/node_modules/@types/hast/index.d.ts'
[14:27:52.211] Adding entry into typings cache: 'intro.js' => '/Users/jco/Library/Caches/typescript/4.6/node_modules/@types/intro.js/index.d.ts'
[14:27:52.213] Adding entry into typings cache: 'invariant' => '/Users/jco/Library/Caches/typescript/4.6/node_modules/@types/invariant/index.d.ts'
[14:27:52.215] Adding entry into typings cache: 'less' => '/Users/jco/Library/Caches/typescript/4.6/node_modules/@types/less/index.d.ts'
[14:27:52.217] Adding entry into typings cache: 'lodash.mergewith' => '/Users/jco/Library/Caches/typescript/4.6/node_modules/@types/lodash.mergewith/index.d.ts'
[14:27:52.219] Adding entry into typings cache: 'mdast' => '/Users/jco/Library/Caches/typescript/4.6/node_modules/@types/mdast/index.d.ts'
[14:27:52.221] Adding entry into typings cache: 'mdx-js__react' => '/Users/jco/Library/Caches/typescript/4.6/node_modules/@types/mdx-js__react/index.d.ts'
[14:27:52.224] Adding entry into typings cache: 'mime-db' => '/Users/jco/Library/Caches/typescript/4.6/node_modules/@types/mime-db/index.d.ts'
[14:27:52.226] Adding entry into typings cache: 'mime-types' => '/Users/jco/Library/Caches/typescript/4.6/node_modules/@types/mime-types/index.d.ts'
[14:27:52.230] Adding entry into typings cache: 'node' => '/Users/jco/Library/Caches/typescript/4.6/node_modules/@types/node/index.d.ts'
[14:27:52.232] Adding entry into typings cache: 'prettier' => '/Users/jco/Library/Caches/typescript/4.6/node_modules/@types/prettier/index.d.ts'
[14:27:52.234] Adding entry into typings cache: 'react' => '/Users/jco/Library/Caches/typescript/4.6/node_modules/@types/react/index.d.ts'
[14:27:52.236] Adding entry into typings cache: 'react-dom' => '/Users/jco/Library/Caches/typescript/4.6/node_modules/@types/react-dom/index.d.ts'
[14:27:52.239] Adding entry into typings cache: 'react-native' => '/Users/jco/Library/Caches/typescript/4.6/node_modules/@types/react-native/index.d.ts'
[14:27:52.241] Adding entry into typings cache: 'react-redux' => '/Users/jco/Library/Caches/typescript/4.6/node_modules/@types/react-redux/index.d.ts'
[14:27:52.243] Adding entry into typings cache: 'react-test-renderer' => '/Users/jco/Library/Caches/typescript/4.6/node_modules/@types/react-test-renderer/index.d.ts'
[14:27:52.244] Adding entry into typings cache: 'react-toggle' => '/Users/jco/Library/Caches/typescript/4.6/node_modules/@types/react-toggle/index.d.ts'
[14:27:52.245] Adding entry into typings cache: 'rss' => '/Users/jco/Library/Caches/typescript/4.6/node_modules/@types/rss/index.d.ts'
[14:27:52.247] Adding entry into typings cache: 'tailwindcss' => '/Users/jco/Library/Caches/typescript/4.6/node_modules/@types/tailwindcss/index.d.ts'
[14:27:52.248] Adding entry into typings cache: 'testing-library__jest-dom' => '/Users/jco/Library/Caches/typescript/4.6/node_modules/@types/testing-library__jest-dom/index.d.ts'
[14:27:52.249] Adding entry into typings cache: 'unist' => '/Users/jco/Library/Caches/typescript/4.6/node_modules/@types/unist/index.d.ts'
[14:27:52.253] Adding entry into typings cache: 'use-subscription' => '/Users/jco/Library/Caches/typescript/4.6/node_modules/@types/use-subscription/index.d.ts'
[14:27:52.258] Adding entry into typings cache: 'webpack' => '/Users/jco/Library/Caches/typescript/4.6/node_modules/webpack/types.d.ts'
[14:27:52.261] Adding entry into typings cache: 'xml' => '/Users/jco/Library/Caches/typescript/4.6/node_modules/@types/xml/index.d.ts'
[14:27:52.261] Finished processing cache location '/Users/jco/Library/Caches/typescript/4.6'
[14:27:52.262] Process id: 8925
[14:27:52.263] NPM location: /usr/local/bin/npm (explicit '--npmLocation' not  provided)
[14:27:52.263] validateDefaultNpmLocation: false
[14:27:52.264] Npm config file: /Users/jco/Library/Caches/typescript/4.6/package.json
[14:27:52.264] Updating types-registry npm package...
[14:27:52.265] Exec: /usr/local/bin/npm install --ignore-scripts types-registry@latest
[14:27:53.220]     Succeeded. stdout:
    
    up to date, audited 135 packages in 666ms

11 packages are looking for funding
  run `npm fund` for details

found 0 vulnerabilities

[14:27:53.221] Updated types-registry npm package
